Build started 16.04.2013 22:55:29.
     1>Project "C:\Users\klaus\Documents\GitHub\PixInsightINDI\windows\vc10\PixInsightINDI.vcxproj" on node 2 (build target(s)).
     1>InitializeBuildStatus:
         Creating "Win32\Debug\PixInsightINDI.unsuccessfulbuild" because "AlwaysCreate" was specified.
       ClCompile:
         All outputs are up-to-date.
         C:\Program Files\Microsoft Visual Studio 10.0\VC\bin\CL.exe /c /I"D:\PCL-02.00.02.0584-20130327\PCL\include" /I"D:\pthreads-w32-2-9-1-release\Pre-built.2\include" /Zi /nologo /W3 /WX- /MP /Od /Oy- /D WIN32 /D _WINDOWS /D __PCL_WINDOWS /D _DEBUG /D _WINDLL /D _UNICODE /D UNICODE /Gm /EHa /RTC1 /MDd /GS /fp:precise /Zc:wchar_t /Zc:forScope /GR /Fo"Win32\Debug\\" /Fd"Win32\Debug\vc100.pdb" /Gd /TP /analyze- /errorReport:prompt ..\..\PixInsightINDIInterface.cpp
         PixInsightINDIInterface.cpp
       Link:
         C:\Program Files\Microsoft Visual Studio 10.0\VC\bin\link.exe /ERRORREPORT:PROMPT /OUT:"D:\PCL-02.00.02.0584-20130327\PCL\bin\PixInsightINDI-pxm.dll" /NOLOGO /LIBPATH:"D:\PCL-02.00.02.0584-20130327\PCL\lib\windows\vc10\x86" /LIBPATH:"D:\pthreads-w32-2-9-1-release\Pre-built.2\lib\x86" "PCL-pxi.lib" pthreadVCE2.lib kernel32.lib user32.lib gdi32.lib winspool.lib comdlg32.lib advapi32.lib shell32.lib ole32.lib oleaut32.lib uuid.lib odbc32.lib odbccp32.lib /MANIFEST /ManifestFile:"Win32\Debug\PixInsightINDI-pxm.dll.intermediate.manifest" /MANIFESTUAC:"level='asInvoker' uiAccess='false'" /DEBUG /PDB:"D:\PCL-02.00.02.0584-20130327\PCL\bin\PixInsightINDI-pxm.pdb" /SUBSYSTEM:WINDOWS /LARGEADDRESSAWARE /TLBID:1 /DYNAMICBASE /NXCOMPAT /IMPLIB:"Win32\Debug\PixInsightINDI.lib" /MACHINE:X86 /DLL Win32\Debug\base64.obj
         Win32\Debug\baseclient.obj
         Win32\Debug\basedevice.obj
         Win32\Debug\indicom.obj
         Win32\Debug\indiproperty.obj
         Win32\Debug\lilxml.obj
         Win32\Debug\PixInsightINDIInstance.obj
         Win32\Debug\PixInsightINDIInterface.obj
         Win32\Debug\PixInsightINDIModule.obj
         Win32\Debug\PixInsightINDIParameters.obj
         Win32\Debug\PixInsightINDIProcess.obj
         LINK : D:\PCL-02.00.02.0584-20130327\PCL\bin\PixInsightINDI-pxm.dll not found or not built by the last incremental link; performing full link
            Creating library Win32\Debug\PixInsightINDI.lib and object Win32\Debug\PixInsightINDI.exp
         PixInsightINDI.vcxproj -> D:\PCL-02.00.02.0584-20130327\PCL\bin\PixInsightINDI-pxm.dll
       Manifest:
         C:\Program Files\Microsoft SDKs\Windows\v7.0A\bin\mt.exe /nologo /verbose /outputresource:"D:\PCL-02.00.02.0584-20130327\PCL\bin\PixInsightINDI-pxm.dll;#2" /manifest "Win32\Debug\PixInsightINDI-pxm.dll.intermediate.manifest"
       FinalizeBuildStatus:
         Deleting file "Win32\Debug\PixInsightINDI.unsuccessfulbuild".
         Touching "Win32\Debug\PixInsightINDI.lastbuildstate".
     1>Done Building Project "C:\Users\klaus\Documents\GitHub\PixInsightINDI\windows\vc10\PixInsightINDI.vcxproj" (build target(s)).

Build succeeded.

Time Elapsed 00:00:13.00
