C:\USERS\KLAUS\DOCUMENTS\GITHUB\PIXINSIGHTINDI\WINDOWS\VC10\WIN32\DEBUG\BASE64.OBJ
C:\USERS\KLAUS\DOCUMENTS\GITHUB\PIXINSIGHTINDI\WINDOWS\VC10\WIN32\DEBUG\BASECLIENT.OBJ
C:\USERS\KLAUS\DOCUMENTS\GITHUB\PIXINSIGHTINDI\WINDOWS\VC10\WIN32\DEBUG\BASEDEVICE.OBJ
C:\Users\klaus\Documents\GitHub\PixInsightINDI\windows\vc10\Win32\Debug\cl.command.1.tlog
C:\Users\klaus\Documents\GitHub\PixInsightINDI\windows\vc10\Win32\Debug\CL.read.1.tlog
C:\Users\klaus\Documents\GitHub\PixInsightINDI\windows\vc10\Win32\Debug\CL.write.1.tlog
C:\USERS\KLAUS\DOCUMENTS\GITHUB\PIXINSIGHTINDI\WINDOWS\VC10\WIN32\DEBUG\INDICOM.OBJ
C:\USERS\KLAUS\DOCUMENTS\GITHUB\PIXINSIGHTINDI\WINDOWS\VC10\WIN32\DEBUG\INDIPROPERTY.OBJ
C:\USERS\KLAUS\DOCUMENTS\GITHUB\PIXINSIGHTINDI\WINDOWS\VC10\WIN32\DEBUG\LILXML.OBJ
C:\Users\klaus\Documents\GitHub\PixInsightINDI\windows\vc10\Win32\Debug\link.command.1.tlog
C:\Users\klaus\Documents\GitHub\PixInsightINDI\windows\vc10\Win32\Debug\link.read.1.tlog
C:\Users\klaus\Documents\GitHub\PixInsightINDI\windows\vc10\Win32\Debug\link.write.1.tlog
C:\Users\klaus\Documents\GitHub\PixInsightINDI\windows\vc10\Win32\Debug\mt.command.1.tlog
C:\Users\klaus\Documents\GitHub\PixInsightINDI\windows\vc10\Win32\Debug\mt.read.1.tlog
C:\Users\klaus\Documents\GitHub\PixInsightINDI\windows\vc10\Win32\Debug\mt.write.1.tlog
C:\Users\klaus\Documents\GitHub\PixInsightINDI\windows\vc10\Win32\Debug\PixInsightINDI.exp
C:\Users\klaus\Documents\GitHub\PixInsightINDI\windows\vc10\Win32\Debug\PixInsightINDI.lib
C:\Users\klaus\Documents\GitHub\PixInsightINDI\windows\vc10\Win32\Debug\PixInsightINDI.write.1.tlog
C:\USERS\KLAUS\DOCUMENTS\GITHUB\PIXINSIGHTINDI\WINDOWS\VC10\WIN32\DEBUG\PIXINSIGHTINDIINSTANCE.OBJ
C:\USERS\KLAUS\DOCUMENTS\GITHUB\PIXINSIGHTINDI\WINDOWS\VC10\WIN32\DEBUG\PIXINSIGHTINDIINTERFACE.OBJ
C:\USERS\KLAUS\DOCUMENTS\GITHUB\PIXINSIGHTINDI\WINDOWS\VC10\WIN32\DEBUG\PIXINSIGHTINDIMODULE.OBJ
C:\USERS\KLAUS\DOCUMENTS\GITHUB\PIXINSIGHTINDI\WINDOWS\VC10\WIN32\DEBUG\PIXINSIGHTINDIPARAMETERS.OBJ
C:\USERS\KLAUS\DOCUMENTS\GITHUB\PIXINSIGHTINDI\WINDOWS\VC10\WIN32\DEBUG\PIXINSIGHTINDIPROCESS.OBJ
C:\USERS\KLAUS\DOCUMENTS\GITHUB\PIXINSIGHTINDI\WINDOWS\VC10\WIN32\DEBUG\PIXINSIGHTINDI-PXM.DLL.INTERMEDIATE.MANIFEST
C:\Users\klaus\Documents\GitHub\PixInsightINDI\windows\vc10\Win32\Debug\vc100.idb
C:\USERS\KLAUS\DOCUMENTS\GITHUB\PIXINSIGHTINDI\WINDOWS\VC10\WIN32\DEBUG\VC100.PDB
D:\PCL-02.00.02.0584-20130327\PCL\BIN\PIXINSIGHTINDI-PXM.DLL
D:\PCL-02.00.02.0584-20130327\PCL\BIN\PIXINSIGHTINDI-PXM.ILK
D:\PCL-02.00.02.0584-20130327\PCL\BIN\PIXINSIGHTINDI-PXM.PDB
